0 info it worked if it ends with ok
1 verbose cli [ 'C:\\Program Files\\nodejs\\\\node.exe',
1 verbose cli   'C:\\Program Files\\nodejs\\node_modules\\npm\\bin\\npm-cli.js',
1 verbose cli   'install',
1 verbose cli   '--save',
1 verbose cli   'express-partials@0.3.0' ]
2 info using npm@2.7.4
3 info using node@v0.12.2
4 verbose node symlink C:\Program Files\nodejs\\node.exe
5 silly cache add args [ 'express-partials@0.3.0', null ]
6 verbose cache add spec express-partials@0.3.0
7 silly cache add parsed spec { raw: 'express-partials@0.3.0',
7 silly cache add   scope: null,
7 silly cache add   name: 'express-partials',
7 silly cache add   rawSpec: '0.3.0',
7 silly cache add   spec: '0.3.0',
7 silly cache add   type: 'version' }
8 verbose addNamed express-partials@0.3.0
9 silly addNamed semver.valid 0.3.0
10 silly addNamed semver.validRange 0.3.0
11 silly mapToRegistry name express-partials
12 silly mapToRegistry using default registry
13 silly mapToRegistry registry https://registry.npmjs.org/
14 silly mapToRegistry uri https://registry.npmjs.org/express-partials
15 verbose addNameVersion registry:https://registry.npmjs.org/express-partials not in flight; fetching
16 verbose request uri https://registry.npmjs.org/express-partials
17 verbose request no auth needed
18 info attempt registry request try #1 at 00:38:24
19 verbose request id b4d2f0d07f04a4cf
20 http request GET https://registry.npmjs.org/express-partials
21 info retry will retry, error on last attempt: Error: getaddrinfo ENOENT
22 info attempt registry request try #2 at 00:38:34
23 http request GET https://registry.npmjs.org/express-partials
24 info retry will retry, error on last attempt: Error: getaddrinfo ENOENT
25 info attempt registry request try #3 at 00:39:34
26 http request GET https://registry.npmjs.org/express-partials
27 verbose stack Error: getaddrinfo ENOENT
27 verbose stack     at Object.exports._errnoException (util.js:746:11)
27 verbose stack     at errnoException (dns.js:49:15)
27 verbose stack     at GetAddrInfoReqWrap.onlookup [as oncomplete] (dns.js:94:26)
28 verbose cwd C:\Users\Toni\android-proyectos\node\quiz
29 error Windows_NT 6.1.7601
30 error argv "C:\\Program Files\\nodejs\\\\node.exe" "C:\\Program Files\\nodejs\\node_modules\\npm\\bin\\npm-cli.js" "install" "--save" "express-partials@0.3.0"
31 error node v0.12.2
32 error npm  v2.7.4
33 error code ENOENT
34 error errno ENOENT
35 error syscall getaddrinfo
36 error enoent getaddrinfo ENOENT
36 error enoent This is most likely not a problem with npm itself
36 error enoent and is related to npm not being able to find a file.
37 verbose exit [ 1, true ]
